<?xml version="1.0" encoding="UTF-8"?>
<!-- Generated by org.testng.reporters.JUnitReportReporter -->
<testsuite skipped="0" hostname="CBT-MH-000" name="Auto.Travels.Testcasehotelsearch" tests="1" failures="0" timestamp="11 Oct 2019 09:29:16 GMT" time="30.825" errors="0">
  <testcase name="hotelSearch" time="30.825" classname="Auto.Travels.Testcasehotelsearch"/>
</testsuite> <!-- Auto.Travels.Testcasehotelsearch -->
