<?xml version="1.0" encoding="UTF-8"?>
<!-- Generated by org.testng.reporters.JUnitReportReporter -->
<testsuite skipped="0" hostname="CBT-MH-000" name="Auto.Travels.Testcaselogin" tests="1" failures="0" timestamp="09 Oct 2019 04:26:53 GMT" time="24.011" errors="0">
  <testcase name="userLogin" time="24.011" classname="Auto.Travels.Testcaselogin"/>
</testsuite> <!-- Auto.Travels.Testcaselogin -->
