<?xml version="1.0" encoding="UTF-8"?>
<!-- Generated by org.testng.reporters.JUnitReportReporter -->
<testsuite skipped="0" hostname="CBT-MH-000" name="Auto.Travels.Test_Case_2Test" tests="1" failures="0" timestamp="09 Oct 2019 03:58:34 GMT" time="46.237" errors="0">
  <testcase name="hotelSearch" time="46.237" classname="Auto.Travels.Test_Case_2Test"/>
</testsuite> <!-- Auto.Travels.Test_Case_2Test -->
